Flutter crash report.
Please report a bug at https://github.com/flutter/flutter/issues.

## command

flutter build web

## exception

FileSystemException: FileSystemException: Failed to decode data using encoding 'utf-8', path = 'C:\Users\faram\Documents\--------------------\- DigitalZone\DigitalZoneHn\.gitignore'

```
#0      _File._tryDecode (dart:io/file_impl.dart:708:7)
#1      _File.readAsStringSync (dart:io/file_impl.dart:719:7)
#2      _File.readAsLinesSync (dart:io/file_impl.dart:725:36)
#3      ForwardingFile.readAsLinesSync (package:file/src/forwarding/forwarding_file.dart:107:16)
#4      ForwardingFile.readAsLinesSync (package:file/src/forwarding/forwarding_file.dart:107:16)
#5      ProjectMigrator.processFileLines (package:flutter_tools/src/base/project_migrator.dart:40:37)
#6      ScrubGeneratedPluginRegistrant.migrate (package:flutter_tools/src/web/migrations/scrub_generated_plugin_registrant.dart:28:7)
#7      ProjectMigration.run (package:flutter_tools/src/base/project_migrator.dart:86:22)
#8      WebBuilder.buildWeb (package:flutter_tools/src/web/compile.dart:89:21)
<asynchronous suspension>
#9      BuildWebCommand.runCommand (package:flutter_tools/src/commands/build_web.dart:296:5)
<asynchronous suspension>
#10     FlutterCommand.run.<anonymous closure> (package:flutter_tools/src/runner/flutter_command.dart:1559:27)
<asynchronous suspension>
#11     AppContext.run.<anonymous closure> (package:flutter_tools/src/base/context.dart:154:19)
<asynchronous suspension>
#12     CommandRunner.runCommand (package:args/command_runner.dart:212:13)
<asynchronous suspension>
#13     FlutterCommandRunner.runCommand.<anonymous closure> (package:flutter_tools/src/runner/flutter_command_runner.dart:487:9)
<asynchronous suspension>
#14     AppContext.run.<anonymous closure> (package:flutter_tools/src/base/context.dart:154:19)
<asynchronous suspension>
#15     FlutterCommandRunner.runCommand (package:flutter_tools/src/runner/flutter_command_runner.dart:422:5)
<asynchronous suspension>
#16     run.<anonymous closure>.<anonymous closure> (package:flutter_tools/runner.dart:104:11)
<asynchronous suspension>
#17     AppContext.run.<anonymous closure> (package:flutter_tools/src/base/context.dart:154:19)
<asynchronous suspension>
#18     main (package:flutter_tools/executable.dart:103:3)
<asynchronous suspension>
```

## flutter doctor

```
[32m[âœ“][39m Flutter (Channel stable, 3.38.5, on
    Microsoft Windows [Version
    10.0.26200.7462], locale es-MX)
    [243ms]
    [32mâ€¢[39m Flutter version 3.38.5 on channel
      stable at C:\flutter
    [32mâ€¢[39m Upstream repository
      https://github.com/flutter/flutte
      r.git
    [32mâ€¢[39m Framework revision f6ff1529fd (5
      weeks ago), 2025-12-11 11:50:07
      -0500
    [32mâ€¢[39m Engine revision 1527ae0ec5
    [32mâ€¢[39m Dart version 3.10.4
    [32mâ€¢[39m DevTools version 2.51.1
    [32mâ€¢[39m Feature flags: enable-web,
      enable-linux-desktop,
      enable-macos-desktop,
      enable-windows-desktop,
      enable-android, enable-ios,
      cli-animations,
      enable-native-assets,
      omit-legacy-version-file,
      enable-lldb-debugging

[32m[âœ“][39m Windows Version (Windows 11 or
    higher, 25H2, 2009) [682ms]

[32m[âœ“][39m Android toolchain - develop for
    Android devices (Android SDK
    version 36.1.0) [1,608ms]
    [32mâ€¢[39m Android SDK at
      C:\Users\faram\AppData\Local\Andr
      oid\sdk
    [32mâ€¢[39m Emulator version 36.3.10.0
      (build_id 14472402) (CL:N/A)
    [32mâ€¢[39m Platform android-36.1,
      build-tools 36.1.0
    [32mâ€¢[39m Java binary at: C:\Program
      Files\Android\Android
      Studio\jbr\bin\java
      This is the JDK bundled with the
      latest Android Studio
      installation on this machine.
      To manually set the JDK path,
      use: `flutter config
      --jdk-dir="path/to/jdk"`.
    [32mâ€¢[39m Java version OpenJDK Runtime
      Environment (build
      21.0.8+-14196175-b1038.72)
    [32mâ€¢[39m All Android licenses accepted.

[32m[âœ“][39m Chrome - develop for the web [70ms]
    [32mâ€¢[39m Chrome at C:\Program
      Files\Google\Chrome\Application\c
      hrome.exe

[32m[âœ“][39m Visual Studio - develop Windows
    apps (Visual Studio Community 2026
    18.1.1) [69ms]
    [32mâ€¢[39m Visual Studio at C:\Program
      Files\Microsoft Visual
      Studio\18\Community
    [32mâ€¢[39m Visual Studio Community 2026
      version 18.1.11312.151
    [32mâ€¢[39m Windows 10 SDK version
      10.0.26100.0

[32m[âœ“][39m Connected device (3 available)
    [145ms]
    [32mâ€¢[39m Windows (desktop) â€¢ windows â€¢
      windows-x64    â€¢ Microsoft
      Windows [Version 10.0.26200.7462]
    [32mâ€¢[39m Chrome (web)      â€¢ chrome  â€¢
      web-javascript â€¢ Google Chrome
      143.0.7499.193
    [32mâ€¢[39m Edge (web)        â€¢ edge    â€¢
      web-javascript â€¢ Microsoft Edge
      143.0.3650.96

[32m[âœ“][39m Network resources [550ms]
    [32mâ€¢[39m All expected network resources
      are available.

[32mâ€¢[39m No issues found!
```
